<?xml version="1.0" encoding="UTF-8"?>
<testng-results skipped="0" failed="0" total="1" passed="1">
  <reporter-output>
  </reporter-output>
  <suite name="executeTest.ExecuteNewTest" duration-ms="24924" started-at="2018-01-05T16:23:34Z" finished-at="2018-01-05T16:23:59Z">
    <groups>
    </groups>
    <test name="Command line test" duration-ms="24924" started-at="2018-01-05T16:23:34Z" finished-at="2018-01-05T16:23:59Z">
      <class name="executeTest.ExecuteNewTest">
        <test-method status="PASS" signature="testLogin()" name="testLogin" duration-ms="24913" started-at="2018-01-05T16:23:34Z" finished-at="2018-01-05T16:23:59Z">
        </test-method>
      </class>
    </test>
  </suite>
</testng-results>
