<?xml version="1.0" encoding="UTF-8"?>
<testng-results skipped="0" failed="0" total="1" passed="1">
  <reporter-output>
  </reporter-output>
  <suite name="Default suite" duration-ms="21298" started-at="2018-01-04T16:21:47Z" finished-at="2018-01-04T16:22:08Z">
    <groups>
    </groups>
    <test name="Default test" duration-ms="21298" started-at="2018-01-04T16:21:47Z" finished-at="2018-01-04T16:22:08Z">
      <class name="operation.ExecuteNewTest">
        <test-method status="PASS" signature="testLogin()" name="testLogin" duration-ms="21282" started-at="2018-01-04T16:21:47Z" finished-at="2018-01-04T16:22:08Z">
        </test-method>
      </class>
    </test>
  </suite>
</testng-results>
